<?xml version="1.0" encoding="UTF-8"?>
<!-- Generated by org.testng.reporters.JUnitXMLReporter -->
<testsuite hostname="DESKTOP-TS5NI3Q" ignored="0" name="Amazon Web Test Cases" tests="4" failures="0" timestamp="2020-12-25T13:55:16 PST" time="57.489" errors="0">
  <testcase name="VerifyTitle" time="0.097" classname="com.amazon.qa.testcases.HomePageTest"/>
  <testcase name="verifyLogo" time="0.261" classname="com.amazon.qa.testcases.HomePageTest"/>
  <testcase name="searchProduct" time="2.666" classname="com.amazon.qa.testcases.HomePageTest"/>
  <testcase name="VerifySearchResults" time="5.593" classname="com.amazon.qa.testcases.HomePageTest"/>
</testsuite> <!-- Amazon Web Test Cases -->
